<?xml version="1.0" encoding="UTF-8"?>
<!-- Generated by org.testng.reporters.JUnitReportReporter -->
<testsuite hostname="fv-az283-672" failures="0" tests="1" name="HerokoAppTest" time="1.270" errors="0" timestamp="2022-06-14T07:19:31 UTC" skipped="0">
  <testcase classname="HerokoAppTest" name="test" time="1.270"/>
  <system-out/>
</testsuite> <!-- HerokoAppTest -->
